[0.372s] Invoking command in '/home/utk/ros2_ws/src/my_py_pkg': PYTHONPATH=/home/utk/ros2_ws/src/build/my_py_pkg/prefix_override:/usr/lib/python3/dist-packages/colcon_core/task/python/colcon_distutils_commands:/home/utk/ros2_ws/src/install/my_py_pkg/lib/python3.10/site-packages:${PYTHONPATH} /usr/bin/python3 -W ignore:setup.py install is deprecated setup.py egg_info --egg-base ../build/my_py_pkg build --build-base /home/utk/ros2_ws/src/build/my_py_pkg/build install --record /home/utk/ros2_ws/src/build/my_py_pkg/install.log --single-version-externally-managed install_data
[0.498s] running egg_info
[0.498s] creating ../build/my_py_pkg/my_py_pkg.egg-info
[0.498s] writing ../build/my_py_pkg/my_py_pkg.egg-info/PKG-INFO
[0.498s] writing dependency_links to ../build/my_py_pkg/my_py_pkg.egg-info/dependency_links.txt
[0.498s] writing entry points to ../build/my_py_pkg/my_py_pkg.egg-info/entry_points.txt
[0.498s] writing requirements to ../build/my_py_pkg/my_py_pkg.egg-info/requires.txt
[0.498s] writing top-level names to ../build/my_py_pkg/my_py_pkg.egg-info/top_level.txt
[0.498s] writing manifest file '../build/my_py_pkg/my_py_pkg.egg-info/SOURCES.txt'
[0.499s] reading manifest file '../build/my_py_pkg/my_py_pkg.egg-info/SOURCES.txt'
[0.499s] writing manifest file '../build/my_py_pkg/my_py_pkg.egg-info/SOURCES.txt'
[0.499s] running build
[0.499s] running build_py
[0.500s] creating /home/utk/ros2_ws/src/build/my_py_pkg/build
[0.500s] creating /home/utk/ros2_ws/src/build/my_py_pkg/build/lib
[0.500s] creating /home/utk/ros2_ws/src/build/my_py_pkg/build/lib/my_py_pkg
[0.500s] copying my_py_pkg/__init__.py -> /home/utk/ros2_ws/src/build/my_py_pkg/build/lib/my_py_pkg
[0.500s] copying my_py_pkg/my_first_node.py -> /home/utk/ros2_ws/src/build/my_py_pkg/build/lib/my_py_pkg
[0.500s] running install
[0.500s] running install_lib
[0.500s] creating /home/utk/ros2_ws/src/install/my_py_pkg/lib/python3.10/site-packages/my_py_pkg
[0.500s] copying /home/utk/ros2_ws/src/build/my_py_pkg/build/lib/my_py_pkg/__init__.py -> /home/utk/ros2_ws/src/install/my_py_pkg/lib/python3.10/site-packages/my_py_pkg
[0.501s] copying /home/utk/ros2_ws/src/build/my_py_pkg/build/lib/my_py_pkg/my_first_node.py -> /home/utk/ros2_ws/src/install/my_py_pkg/lib/python3.10/site-packages/my_py_pkg
[0.501s] byte-compiling /home/utk/ros2_ws/src/install/my_py_pkg/lib/python3.10/site-packages/my_py_pkg/__init__.py to __init__.cpython-310.pyc
[0.501s] byte-compiling /home/utk/ros2_ws/src/install/my_py_pkg/lib/python3.10/site-packages/my_py_pkg/my_first_node.py to my_first_node.cpython-310.pyc
[0.501s] running install_data
[0.501s] creating /home/utk/ros2_ws/src/install/my_py_pkg/share/ament_index
[0.501s] creating /home/utk/ros2_ws/src/install/my_py_pkg/share/ament_index/resource_index
[0.501s] creating /home/utk/ros2_ws/src/install/my_py_pkg/share/ament_index/resource_index/packages
[0.501s] copying resource/my_py_pkg -> /home/utk/ros2_ws/src/install/my_py_pkg/share/ament_index/resource_index/packages
[0.501s] copying package.xml -> /home/utk/ros2_ws/src/install/my_py_pkg/share/my_py_pkg
[0.501s] running install_egg_info
[0.502s] Copying ../build/my_py_pkg/my_py_pkg.egg-info to /home/utk/ros2_ws/src/install/my_py_pkg/lib/python3.10/site-packages/my_py_pkg-0.0.0-py3.10.egg-info
[0.502s] running install_scripts
[0.514s] Installing py_node script to /home/utk/ros2_ws/src/install/my_py_pkg/lib/my_py_pkg
[0.514s] writing list of installed files to '/home/utk/ros2_ws/src/build/my_py_pkg/install.log'
[0.526s] Invoked command in '/home/utk/ros2_ws/src/my_py_pkg' returned '0': PYTHONPATH=/home/utk/ros2_ws/src/build/my_py_pkg/prefix_override:/usr/lib/python3/dist-packages/colcon_core/task/python/colcon_distutils_commands:/home/utk/ros2_ws/src/install/my_py_pkg/lib/python3.10/site-packages:${PYTHONPATH} /usr/bin/python3 -W ignore:setup.py install is deprecated setup.py egg_info --egg-base ../build/my_py_pkg build --build-base /home/utk/ros2_ws/src/build/my_py_pkg/build install --record /home/utk/ros2_ws/src/build/my_py_pkg/install.log --single-version-externally-managed install_data
